<?xml version="1.0" encoding="UTF-8"?>
<!-- Generated by org.testng.reporters.JUnitReportReporter -->
<testsuite hostname="DESKTOP-1U7OV25" failures="0" tests="3" name="testcaseaddtocard.TestCaseAddToCard" time="18.698" errors="0" timestamp="2023-10-24T13:13:48 EET" skipped="0">
  <testcase classname="testcaseaddtocard.TestCaseAddToCard" name="LoginWithProblemUser" time="4.410"/>
  <system-out/>
  <testcase classname="testcaseaddtocard.TestCaseAddToCard" name="LoginWithPerformanceUser" time="10.754"/>
  <system-out/>
  <testcase classname="testcaseaddtocard.TestCaseAddToCard" name="LoginWithStandardUSer" time="3.534"/>
  <system-out/>
</testsuite> <!-- testcaseaddtocard.TestCaseAddToCard -->
